<?xml version="1.0" encoding="UTF-8"?>
<testsuite xmlns:xsi="http://www.w3.org/2001/XMLSchema-instance" xsi:noNamespaceSchemaLocation="https://maven.apache.org/surefire/maven-surefire-plugin/xsd/surefire-test-report-3.0.xsd" version="3.0" name="com.pineda.AppTest" time="0.031" tests="1" errors="0" skipped="0" failures="0">
  <properties>
    <property name="java.specification.version" value="17"/>
    <property name="sun.cpu.isalist" value="amd64"/>
    <property name="sun.jnu.encoding" value="Cp1252"/>
    <property name="java.class.path" value="C:\Users\Juan\Desktop\Prueba RappiPay\api-test-shazam\target\test-classes;C:\Users\Juan\Desktop\Prueba RappiPay\api-test-shazam\target\classes;C:\Users\Juan\.m2\repository\net\serenity-bdd\serenity-core\1.0.59\serenity-core-1.0.59.jar;C:\Users\Juan\.m2\repository\com\google\guava\guava\18.0\guava-18.0.jar;C:\Users\Juan\.m2\repository\com\google\inject\guice\3.0\guice-3.0.jar;C:\Users\Juan\.m2\repository\javax\inject\javax.inject\1\javax.inject-1.jar;C:\Users\Juan\.m2\repository\aopalliance\aopalliance\1.0\aopalliance-1.0.jar;C:\Users\Juan\.m2\repository\cglib\cglib\3.1\cglib-3.1.jar;C:\Users\Juan\.m2\repository\org\ow2\asm\asm\5.0.3\asm-5.0.3.jar;C:\Users\Juan\.m2\repository\commons-codec\commons-codec\1.9\commons-codec-1.9.jar;C:\Users\Juan\.m2\repository\org\objenesis\objenesis\2.1\objenesis-2.1.jar;C:\Users\Juan\.m2\repository\org\slf4j\slf4j-api\1.7.7\slf4j-api-1.7.7.jar;C:\Users\Juan\.m2\repository\xml-apis\xml-apis\1.4.01\xml-apis-1.4.01.jar;C:\Users\Juan\.m2\repository\info\cukes\cucumber-core\1.2.2\cucumber-core-1.2.2.jar;C:\Users\Juan\.m2\repository\info\cukes\cucumber-html\0.2.3\cucumber-html-0.2.3.jar;C:\Users\Juan\.m2\repository\info\cukes\cucumber-jvm-deps\1.0.3\cucumber-jvm-deps-1.0.3.jar;C:\Users\Juan\.m2\repository\info\cukes\gherkin\2.12.2\gherkin-2.12.2.jar;C:\Users\Juan\.m2\repository\commons-logging\commons-logging\1.2\commons-logging-1.2.jar;C:\Users\Juan\.m2\repository\net\serenity-bdd\serenity-report-resources\1.0.59\serenity-report-resources-1.0.59.jar;C:\Users\Juan\.m2\repository\com\google\code\gson\gson\2.3.1\gson-2.3.1.jar;C:\Users\Juan\.m2\repository\commons-io\commons-io\2.4\commons-io-2.4.jar;C:\Users\Juan\.m2\repository\com\opera\operadriver\1.5\operadriver-1.5.jar;C:\Users\Juan\.m2\repository\com\opera\operalaunchers\1.1\operalaunchers-1.1.jar;C:\Users\Juan\.m2\repository\com\google\protobuf\protobuf-java\2.4.1\protobuf-java-2.4.1.jar;C:\Users\Juan\.m2\repository\commons-jxpath\commons-jxpath\1.3\commons-jxpath-1.3.jar;C:\Users\Juan\.m2\repository\org\ini4j\ini4j\0.5.2\ini4j-0.5.2.jar;C:\Users\Juan\.m2\repository\org\seleniumhq\selenium\selenium-server\2.46.0\selenium-server-2.46.0.jar;C:\Users\Juan\.m2\repository\org\bouncycastle\bcprov-jdk15on\1.48\bcprov-jdk15on-1.48.jar;C:\Users\Juan\.m2\repository\org\bouncycastle\bcpkix-jdk15on\1.48\bcpkix-jdk15on-1.48.jar;C:\Users\Juan\.m2\repository\mx4j\mx4j-tools\3.0.1\mx4j-tools-3.0.1.jar;C:\Users\Juan\.m2\repository\org\mortbay\jetty\servlet-api-2.5\6.1.9\servlet-api-2.5-6.1.9.jar;C:\Users\Juan\.m2\repository\org\seleniumhq\selenium\jetty-repacked\7.6.1\jetty-repacked-7.6.1.jar;C:\Users\Juan\.m2\repository\org\seleniumhq\selenium\jetty-rc-repacked\5\jetty-rc-repacked-5.jar;C:\Users\Juan\.m2\repository\net\jcip\jcip-annotations\1.0\jcip-annotations-1.0.jar;C:\Users\Juan\.m2\repository\org\seleniumhq\selenium\selenium-java\2.46.0\selenium-java-2.46.0.jar;C:\Users\Juan\.m2\repository\org\seleniumhq\selenium\selenium-chrome-driver\2.46.0\selenium-chrome-driver-2.46.0.jar;C:\Users\Juan\.m2\repository\org\seleniumhq\selenium\selenium-remote-driver\2.46.0\selenium-remote-driver-2.46.0.jar;C:\Users\Juan\.m2\repository\org\seleniumhq\selenium\selenium-api\2.46.0\selenium-api-2.46.0.jar;C:\Users\Juan\.m2\repository\org\seleniumhq\selenium\selenium-htmlunit-driver\2.46.0\selenium-htmlunit-driver-2.46.0.jar;C:\Users\Juan\.m2\repository\org\seleniumhq\selenium\selenium-firefox-driver\2.46.0\selenium-firefox-driver-2.46.0.jar;C:\Users\Juan\.m2\repository\org\apache\commons\commons-exec\1.3\commons-exec-1.3.jar;C:\Users\Juan\.m2\repository\org\seleniumhq\selenium\selenium-ie-driver\2.46.0\selenium-ie-driver-2.46.0.jar;C:\Users\Juan\.m2\repository\net\java\dev\jna\jna\4.1.0\jna-4.1.0.jar;C:\Users\Juan\.m2\repository\net\java\dev\jna\jna-platform\4.1.0\jna-platform-4.1.0.jar;C:\Users\Juan\.m2\repository\org\seleniumhq\selenium\selenium-safari-driver\2.46.0\selenium-safari-driver-2.46.0.jar;C:\Users\Juan\.m2\repository\org\seleniumhq\selenium\selenium-support\2.46.0\selenium-support-2.46.0.jar;C:\Users\Juan\.m2\repository\org\webbitserver\webbit\0.4.14\webbit-0.4.14.jar;C:\Users\Juan\.m2\repository\io\netty\netty\3.5.2.Final\netty-3.5.2.Final.jar;C:\Users\Juan\.m2\repository\org\seleniumhq\selenium\selenium-leg-rc\2.46.0\selenium-leg-rc-2.46.0.jar;C:\Users\Juan\.m2\repository\org\yaml\snakeyaml\1.8\snakeyaml-1.8.jar;C:\Users\Juan\.m2\repository\com\codeborne\phantomjsdriver\1.2.1\phantomjsdriver-1.2.1.jar;C:\Users\Juan\.m2\repository\io\appium\java-client\2.1.0\java-client-2.1.0.jar;C:\Users\Juan\.m2\repository\org\codehaus\groovy\groovy\2.3.9\groovy-2.3.9.jar;C:\Users\Juan\.m2\repository\net\sf\opencsv\opencsv\2.0\opencsv-2.0.jar;C:\Users\Juan\.m2\repository\commons-beanutils\commons-beanutils-core\1.8.3\commons-beanutils-core-1.8.3.jar;C:\Users\Juan\.m2\repository\com\googlecode\lambdaj\lambdaj\2.3.3\lambdaj-2.3.3.jar;C:\Users\Juan\.m2\repository\joda-time\joda-time\2.7\joda-time-2.7.jar;C:\Users\Juan\.m2\repository\com\thoughtworks\xstream\xstream\1.4.5\xstream-1.4.5.jar;C:\Users\Juan\.m2\repository\xmlpull\xmlpull\1.1.3.1\xmlpull-1.1.3.1.jar;C:\Users\Juan\.m2\repository\xpp3\xpp3_min\1.1.4c\xpp3_min-1.1.4c.jar;C:\Users\Juan\.m2\repository\org\apache\commons\commons-lang3\3.3.2\commons-lang3-3.3.2.jar;C:\Users\Juan\.m2\repository\commons-collections\commons-collections\3.2.1\commons-collections-3.2.1.jar;C:\Users\Juan\.m2\repository\org\freemarker\freemarker\2.3.21\freemarker-2.3.21.jar;C:\Users\Juan\.m2\repository\net\sourceforge\jexcelapi\jxl\2.6.12\jxl-2.6.12.jar;C:\Users\Juan\.m2\repository\org\hamcrest\hamcrest-core\1.3\hamcrest-core-1.3.jar;C:\Users\Juan\.m2\repository\org\hamcrest\hamcrest-library\1.3\hamcrest-library-1.3.jar;C:\Users\Juan\.m2\repository\net\sourceforge\htmlunit\htmlunit\2.17\htmlunit-2.17.jar;C:\Users\Juan\.m2\repository\xalan\xalan\2.7.2\xalan-2.7.2.jar;C:\Users\Juan\.m2\repository\xalan\serializer\2.7.2\serializer-2.7.2.jar;C:\Users\Juan\.m2\repository\net\sourceforge\htmlunit\htmlunit-core-js\2.17\htmlunit-core-js-2.17.jar;C:\Users\Juan\.m2\repository\xerces\xercesImpl\2.11.0\xercesImpl-2.11.0.jar;C:\Users\Juan\.m2\repository\net\sourceforge\nekohtml\nekohtml\1.9.22\nekohtml-1.9.22.jar;C:\Users\Juan\.m2\repository\net\sourceforge\cssparser\cssparser\0.9.16\cssparser-0.9.16.jar;C:\Users\Juan\.m2\repository\org\w3c\css\sac\1.3\sac-1.3.jar;C:\Users\Juan\.m2\repository\org\eclipse\jetty\websocket\websocket-client\9.2.11.v20150529\websocket-client-9.2.11.v20150529.jar;C:\Users\Juan\.m2\repository\org\eclipse\jetty\jetty-util\9.2.11.v20150529\jetty-util-9.2.11.v20150529.jar;C:\Users\Juan\.m2\repository\org\eclipse\jetty\jetty-io\9.2.11.v20150529\jetty-io-9.2.11.v20150529.jar;C:\Users\Juan\.m2\repository\org\eclipse\jetty\websocket\websocket-common\9.2.11.v20150529\websocket-common-9.2.11.v20150529.jar;C:\Users\Juan\.m2\repository\org\eclipse\jetty\websocket\websocket-api\9.2.11.v20150529\websocket-api-9.2.11.v20150529.jar;C:\Users\Juan\.m2\repository\org\apache\httpcomponents\httpclient\4.4.1\httpclient-4.4.1.jar;C:\Users\Juan\.m2\repository\org\apache\httpcomponents\httpcore\4.4.1\httpcore-4.4.1.jar;C:\Users\Juan\.m2\repository\org\apache\httpcomponents\httpmime\4.4.1\httpmime-4.4.1.jar;C:\Users\Juan\.m2\repository\org\fluentlenium\fluentlenium-core\0.10.2\fluentlenium-core-0.10.2.jar;C:\Users\Juan\.m2\repository\com\jhlabs\filters\2.0.235\filters-2.0.235.jar;C:\Users\Juan\.m2\repository\org\asciidoctor\asciidoctor-java-integration\0.1.3\asciidoctor-java-integration-0.1.3.jar;C:\Users\Juan\.m2\repository\org\jruby\jruby-complete\1.7.4\jruby-complete-1.7.4.jar;C:\Users\Juan\.m2\repository\com\beust\jcommander\1.30\jcommander-1.30.jar;C:\Users\Juan\.m2\repository\javax\validation\validation-api\1.1.0.Final\validation-api-1.1.0.Final.jar;C:\Users\Juan\.m2\repository\org\hibernate\hibernate-validator\5.1.1.Final\hibernate-validator-5.1.1.Final.jar;C:\Users\Juan\.m2\repository\org\jboss\logging\jboss-logging\3.1.3.GA\jboss-logging-3.1.3.GA.jar;C:\Users\Juan\.m2\repository\com\fasterxml\classmate\1.0.0\classmate-1.0.0.jar;C:\Users\Juan\.m2\repository\javax\el\javax.el-api\2.2.4\javax.el-api-2.2.4.jar;C:\Users\Juan\.m2\repository\org\glassfish\web\javax.el\2.2.4\javax.el-2.2.4.jar;C:\Users\Juan\.m2\repository\com\jayway\awaitility\awaitility\1.6.3\awaitility-1.6.3.jar;C:\Users\Juan\.m2\repository\net\serenity-bdd\serenity-cucumber\1.0.18\serenity-cucumber-1.0.18.jar;C:\Users\Juan\.m2\repository\info\cukes\cucumber-java\1.2.2\cucumber-java-1.2.2.jar;C:\Users\Juan\.m2\repository\info\cukes\cucumber-junit\1.2.2\cucumber-junit-1.2.2.jar;C:\Users\Juan\.m2\repository\net\serenity-bdd\serenity-rest-assured\1.0.59\serenity-rest-assured-1.0.59.jar;C:\Users\Juan\.m2\repository\com\jayway\restassured\rest-assured\2.4.1\rest-assured-2.4.1.jar;C:\Users\Juan\.m2\repository\org\ccil\cowan\tagsoup\tagsoup\1.2.1\tagsoup-1.2.1.jar;C:\Users\Juan\.m2\repository\com\jayway\restassured\json-path\2.4.1\json-path-2.4.1.jar;C:\Users\Juan\.m2\repository\com\jayway\restassured\rest-assured-common\2.4.1\rest-assured-common-2.4.1.jar;C:\Users\Juan\.m2\repository\com\jayway\restassured\xml-path\2.4.1\xml-path-2.4.1.jar;C:\Users\Juan\.m2\repository\net\bytebuddy\byte-buddy\0.6.5\byte-buddy-0.6.5.jar;C:\Users\Juan\.m2\repository\io\cucumber\cucumber-junit\5.0.0-RC4\cucumber-junit-5.0.0-RC4.jar;C:\Users\Juan\.m2\repository\org\apiguardian\apiguardian-api\1.1.0\apiguardian-api-1.1.0.jar;C:\Users\Juan\.m2\repository\io\cucumber\cucumber-core\5.0.0-RC4\cucumber-core-5.0.0-RC4.jar;C:\Users\Juan\.m2\repository\io\cucumber\cucumber-gherkin\5.0.0-RC4\cucumber-gherkin-5.0.0-RC4.jar;C:\Users\Juan\.m2\repository\io\cucumber\cucumber-gherkin-vintage\5.0.0-RC4\cucumber-gherkin-vintage-5.0.0-RC4.jar;C:\Users\Juan\.m2\repository\io\cucumber\tag-expressions\2.0.2\tag-expressions-2.0.2.jar;C:\Users\Juan\.m2\repository\io\cucumber\cucumber-expressions\8.2.1\cucumber-expressions-8.2.1.jar;C:\Users\Juan\.m2\repository\io\cucumber\datatable\3.1.0\datatable-3.1.0.jar;C:\Users\Juan\.m2\repository\io\cucumber\cucumber-plugin\5.0.0-RC4\cucumber-plugin-5.0.0-RC4.jar;C:\Users\Juan\.m2\repository\io\cucumber\docstring\5.0.0-RC4\docstring-5.0.0-RC4.jar;C:\Users\Juan\.m2\repository\io\cucumber\cucumber-spring\5.0.0-RC4\cucumber-spring-5.0.0-RC4.jar;C:\Users\Juan\.m2\repository\junit\junit\4.12\junit-4.12.jar;"/>
    <property name="java.vm.vendor" value="Oracle Corporation"/>
    <property name="sun.arch.data.model" value="64"/>
    <property name="user.variant" value=""/>
    <property name="java.vendor.url" value="https://java.oracle.com/"/>
    <property name="user.timezone" value="America/Bogota"/>
    <property name="os.name" value="Windows 11"/>
    <property name="java.vm.specification.version" value="17"/>
    <property name="user.country" value="CO"/>
    <property name="sun.java.launcher" value="SUN_STANDARD"/>
    <property name="sun.boot.library.path" value="C:\Program Files\Java\jdk-17\bin"/>
    <property name="sun.java.command" value="C:\Users\Juan\AppData\Local\Temp\surefire3318510801594252703\surefirebooter-20250130191309017_3.jar C:\Users\Juan\AppData\Local\Temp\surefire3318510801594252703 2025-01-30T19-13-07_730-jvmRun1 surefire-20250130191309017_1tmp surefire_0-20250130191309017_2tmp"/>
    <property name="jdk.debug" value="release"/>
    <property name="surefire.test.class.path" value="C:\Users\Juan\Desktop\Prueba RappiPay\api-test-shazam\target\test-classes;C:\Users\Juan\Desktop\Prueba RappiPay\api-test-shazam\target\classes;C:\Users\Juan\.m2\repository\net\serenity-bdd\serenity-core\1.0.59\serenity-core-1.0.59.jar;C:\Users\Juan\.m2\repository\com\google\guava\guava\18.0\guava-18.0.jar;C:\Users\Juan\.m2\repository\com\google\inject\guice\3.0\guice-3.0.jar;C:\Users\Juan\.m2\repository\javax\inject\javax.inject\1\javax.inject-1.jar;C:\Users\Juan\.m2\repository\aopalliance\aopalliance\1.0\aopalliance-1.0.jar;C:\Users\Juan\.m2\repository\cglib\cglib\3.1\cglib-3.1.jar;C:\Users\Juan\.m2\repository\org\ow2\asm\asm\5.0.3\asm-5.0.3.jar;C:\Users\Juan\.m2\repository\commons-codec\commons-codec\1.9\commons-codec-1.9.jar;C:\Users\Juan\.m2\repository\org\objenesis\objenesis\2.1\objenesis-2.1.jar;C:\Users\Juan\.m2\repository\org\slf4j\slf4j-api\1.7.7\slf4j-api-1.7.7.jar;C:\Users\Juan\.m2\repository\xml-apis\xml-apis\1.4.01\xml-apis-1.4.01.jar;C:\Users\Juan\.m2\repository\info\cukes\cucumber-core\1.2.2\cucumber-core-1.2.2.jar;C:\Users\Juan\.m2\repository\info\cukes\cucumber-html\0.2.3\cucumber-html-0.2.3.jar;C:\Users\Juan\.m2\repository\info\cukes\cucumber-jvm-deps\1.0.3\cucumber-jvm-deps-1.0.3.jar;C:\Users\Juan\.m2\repository\info\cukes\gherkin\2.12.2\gherkin-2.12.2.jar;C:\Users\Juan\.m2\repository\commons-logging\commons-logging\1.2\commons-logging-1.2.jar;C:\Users\Juan\.m2\repository\net\serenity-bdd\serenity-report-resources\1.0.59\serenity-report-resources-1.0.59.jar;C:\Users\Juan\.m2\repository\com\google\code\gson\gson\2.3.1\gson-2.3.1.jar;C:\Users\Juan\.m2\repository\commons-io\commons-io\2.4\commons-io-2.4.jar;C:\Users\Juan\.m2\repository\com\opera\operadriver\1.5\operadriver-1.5.jar;C:\Users\Juan\.m2\repository\com\opera\operalaunchers\1.1\operalaunchers-1.1.jar;C:\Users\Juan\.m2\repository\com\google\protobuf\protobuf-java\2.4.1\protobuf-java-2.4.1.jar;C:\Users\Juan\.m2\repository\commons-jxpath\commons-jxpath\1.3\commons-jxpath-1.3.jar;C:\Users\Juan\.m2\repository\org\ini4j\ini4j\0.5.2\ini4j-0.5.2.jar;C:\Users\Juan\.m2\repository\org\seleniumhq\selenium\selenium-server\2.46.0\selenium-server-2.46.0.jar;C:\Users\Juan\.m2\repository\org\bouncycastle\bcprov-jdk15on\1.48\bcprov-jdk15on-1.48.jar;C:\Users\Juan\.m2\repository\org\bouncycastle\bcpkix-jdk15on\1.48\bcpkix-jdk15on-1.48.jar;C:\Users\Juan\.m2\repository\mx4j\mx4j-tools\3.0.1\mx4j-tools-3.0.1.jar;C:\Users\Juan\.m2\repository\org\mortbay\jetty\servlet-api-2.5\6.1.9\servlet-api-2.5-6.1.9.jar;C:\Users\Juan\.m2\repository\org\seleniumhq\selenium\jetty-repacked\7.6.1\jetty-repacked-7.6.1.jar;C:\Users\Juan\.m2\repository\org\seleniumhq\selenium\jetty-rc-repacked\5\jetty-rc-repacked-5.jar;C:\Users\Juan\.m2\repository\net\jcip\jcip-annotations\1.0\jcip-annotations-1.0.jar;C:\Users\Juan\.m2\repository\org\seleniumhq\selenium\selenium-java\2.46.0\selenium-java-2.46.0.jar;C:\Users\Juan\.m2\repository\org\seleniumhq\selenium\selenium-chrome-driver\2.46.0\selenium-chrome-driver-2.46.0.jar;C:\Users\Juan\.m2\repository\org\seleniumhq\selenium\selenium-remote-driver\2.46.0\selenium-remote-driver-2.46.0.jar;C:\Users\Juan\.m2\repository\org\seleniumhq\selenium\selenium-api\2.46.0\selenium-api-2.46.0.jar;C:\Users\Juan\.m2\repository\org\seleniumhq\selenium\selenium-htmlunit-driver\2.46.0\selenium-htmlunit-driver-2.46.0.jar;C:\Users\Juan\.m2\repository\org\seleniumhq\selenium\selenium-firefox-driver\2.46.0\selenium-firefox-driver-2.46.0.jar;C:\Users\Juan\.m2\repository\org\apache\commons\commons-exec\1.3\commons-exec-1.3.jar;C:\Users\Juan\.m2\repository\org\seleniumhq\selenium\selenium-ie-driver\2.46.0\selenium-ie-driver-2.46.0.jar;C:\Users\Juan\.m2\repository\net\java\dev\jna\jna\4.1.0\jna-4.1.0.jar;C:\Users\Juan\.m2\repository\net\java\dev\jna\jna-platform\4.1.0\jna-platform-4.1.0.jar;C:\Users\Juan\.m2\repository\org\seleniumhq\selenium\selenium-safari-driver\2.46.0\selenium-safari-driver-2.46.0.jar;C:\Users\Juan\.m2\repository\org\seleniumhq\selenium\selenium-support\2.46.0\selenium-support-2.46.0.jar;C:\Users\Juan\.m2\repository\org\webbitserver\webbit\0.4.14\webbit-0.4.14.jar;C:\Users\Juan\.m2\repository\io\netty\netty\3.5.2.Final\netty-3.5.2.Final.jar;C:\Users\Juan\.m2\repository\org\seleniumhq\selenium\selenium-leg-rc\2.46.0\selenium-leg-rc-2.46.0.jar;C:\Users\Juan\.m2\repository\org\yaml\snakeyaml\1.8\snakeyaml-1.8.jar;C:\Users\Juan\.m2\repository\com\codeborne\phantomjsdriver\1.2.1\phantomjsdriver-1.2.1.jar;C:\Users\Juan\.m2\repository\io\appium\java-client\2.1.0\java-client-2.1.0.jar;C:\Users\Juan\.m2\repository\org\codehaus\groovy\groovy\2.3.9\groovy-2.3.9.jar;C:\Users\Juan\.m2\repository\net\sf\opencsv\opencsv\2.0\opencsv-2.0.jar;C:\Users\Juan\.m2\repository\commons-beanutils\commons-beanutils-core\1.8.3\commons-beanutils-core-1.8.3.jar;C:\Users\Juan\.m2\repository\com\googlecode\lambdaj\lambdaj\2.3.3\lambdaj-2.3.3.jar;C:\Users\Juan\.m2\repository\joda-time\joda-time\2.7\joda-time-2.7.jar;C:\Users\Juan\.m2\repository\com\thoughtworks\xstream\xstream\1.4.5\xstream-1.4.5.jar;C:\Users\Juan\.m2\repository\xmlpull\xmlpull\1.1.3.1\xmlpull-1.1.3.1.jar;C:\Users\Juan\.m2\repository\xpp3\xpp3_min\1.1.4c\xpp3_min-1.1.4c.jar;C:\Users\Juan\.m2\repository\org\apache\commons\commons-lang3\3.3.2\commons-lang3-3.3.2.jar;C:\Users\Juan\.m2\repository\commons-collections\commons-collections\3.2.1\commons-collections-3.2.1.jar;C:\Users\Juan\.m2\repository\org\freemarker\freemarker\2.3.21\freemarker-2.3.21.jar;C:\Users\Juan\.m2\repository\net\sourceforge\jexcelapi\jxl\2.6.12\jxl-2.6.12.jar;C:\Users\Juan\.m2\repository\org\hamcrest\hamcrest-core\1.3\hamcrest-core-1.3.jar;C:\Users\Juan\.m2\repository\org\hamcrest\hamcrest-library\1.3\hamcrest-library-1.3.jar;C:\Users\Juan\.m2\repository\net\sourceforge\htmlunit\htmlunit\2.17\htmlunit-2.17.jar;C:\Users\Juan\.m2\repository\xalan\xalan\2.7.2\xalan-2.7.2.jar;C:\Users\Juan\.m2\repository\xalan\serializer\2.7.2\serializer-2.7.2.jar;C:\Users\Juan\.m2\repository\net\sourceforge\htmlunit\htmlunit-core-js\2.17\htmlunit-core-js-2.17.jar;C:\Users\Juan\.m2\repository\xerces\xercesImpl\2.11.0\xercesImpl-2.11.0.jar;C:\Users\Juan\.m2\repository\net\sourceforge\nekohtml\nekohtml\1.9.22\nekohtml-1.9.22.jar;C:\Users\Juan\.m2\repository\net\sourceforge\cssparser\cssparser\0.9.16\cssparser-0.9.16.jar;C:\Users\Juan\.m2\repository\org\w3c\css\sac\1.3\sac-1.3.jar;C:\Users\Juan\.m2\repository\org\eclipse\jetty\websocket\websocket-client\9.2.11.v20150529\websocket-client-9.2.11.v20150529.jar;C:\Users\Juan\.m2\repository\org\eclipse\jetty\jetty-util\9.2.11.v20150529\jetty-util-9.2.11.v20150529.jar;C:\Users\Juan\.m2\repository\org\eclipse\jetty\jetty-io\9.2.11.v20150529\jetty-io-9.2.11.v20150529.jar;C:\Users\Juan\.m2\repository\org\eclipse\jetty\websocket\websocket-common\9.2.11.v20150529\websocket-common-9.2.11.v20150529.jar;C:\Users\Juan\.m2\repository\org\eclipse\jetty\websocket\websocket-api\9.2.11.v20150529\websocket-api-9.2.11.v20150529.jar;C:\Users\Juan\.m2\repository\org\apache\httpcomponents\httpclient\4.4.1\httpclient-4.4.1.jar;C:\Users\Juan\.m2\repository\org\apache\httpcomponents\httpcore\4.4.1\httpcore-4.4.1.jar;C:\Users\Juan\.m2\repository\org\apache\httpcomponents\httpmime\4.4.1\httpmime-4.4.1.jar;C:\Users\Juan\.m2\repository\org\fluentlenium\fluentlenium-core\0.10.2\fluentlenium-core-0.10.2.jar;C:\Users\Juan\.m2\repository\com\jhlabs\filters\2.0.235\filters-2.0.235.jar;C:\Users\Juan\.m2\repository\org\asciidoctor\asciidoctor-java-integration\0.1.3\asciidoctor-java-integration-0.1.3.jar;C:\Users\Juan\.m2\repository\org\jruby\jruby-complete\1.7.4\jruby-complete-1.7.4.jar;C:\Users\Juan\.m2\repository\com\beust\jcommander\1.30\jcommander-1.30.jar;C:\Users\Juan\.m2\repository\javax\validation\validation-api\1.1.0.Final\validation-api-1.1.0.Final.jar;C:\Users\Juan\.m2\repository\org\hibernate\hibernate-validator\5.1.1.Final\hibernate-validator-5.1.1.Final.jar;C:\Users\Juan\.m2\repository\org\jboss\logging\jboss-logging\3.1.3.GA\jboss-logging-3.1.3.GA.jar;C:\Users\Juan\.m2\repository\com\fasterxml\classmate\1.0.0\classmate-1.0.0.jar;C:\Users\Juan\.m2\repository\javax\el\javax.el-api\2.2.4\javax.el-api-2.2.4.jar;C:\Users\Juan\.m2\repository\org\glassfish\web\javax.el\2.2.4\javax.el-2.2.4.jar;C:\Users\Juan\.m2\repository\com\jayway\awaitility\awaitility\1.6.3\awaitility-1.6.3.jar;C:\Users\Juan\.m2\repository\net\serenity-bdd\serenity-cucumber\1.0.18\serenity-cucumber-1.0.18.jar;C:\Users\Juan\.m2\repository\info\cukes\cucumber-java\1.2.2\cucumber-java-1.2.2.jar;C:\Users\Juan\.m2\repository\info\cukes\cucumber-junit\1.2.2\cucumber-junit-1.2.2.jar;C:\Users\Juan\.m2\repository\net\serenity-bdd\serenity-rest-assured\1.0.59\serenity-rest-assured-1.0.59.jar;C:\Users\Juan\.m2\repository\com\jayway\restassured\rest-assured\2.4.1\rest-assured-2.4.1.jar;C:\Users\Juan\.m2\repository\org\ccil\cowan\tagsoup\tagsoup\1.2.1\tagsoup-1.2.1.jar;C:\Users\Juan\.m2\repository\com\jayway\restassured\json-path\2.4.1\json-path-2.4.1.jar;C:\Users\Juan\.m2\repository\com\jayway\restassured\rest-assured-common\2.4.1\rest-assured-common-2.4.1.jar;C:\Users\Juan\.m2\repository\com\jayway\restassured\xml-path\2.4.1\xml-path-2.4.1.jar;C:\Users\Juan\.m2\repository\net\bytebuddy\byte-buddy\0.6.5\byte-buddy-0.6.5.jar;C:\Users\Juan\.m2\repository\io\cucumber\cucumber-junit\5.0.0-RC4\cucumber-junit-5.0.0-RC4.jar;C:\Users\Juan\.m2\repository\org\apiguardian\apiguardian-api\1.1.0\apiguardian-api-1.1.0.jar;C:\Users\Juan\.m2\repository\io\cucumber\cucumber-core\5.0.0-RC4\cucumber-core-5.0.0-RC4.jar;C:\Users\Juan\.m2\repository\io\cucumber\cucumber-gherkin\5.0.0-RC4\cucumber-gherkin-5.0.0-RC4.jar;C:\Users\Juan\.m2\repository\io\cucumber\cucumber-gherkin-vintage\5.0.0-RC4\cucumber-gherkin-vintage-5.0.0-RC4.jar;C:\Users\Juan\.m2\repository\io\cucumber\tag-expressions\2.0.2\tag-expressions-2.0.2.jar;C:\Users\Juan\.m2\repository\io\cucumber\cucumber-expressions\8.2.1\cucumber-expressions-8.2.1.jar;C:\Users\Juan\.m2\repository\io\cucumber\datatable\3.1.0\datatable-3.1.0.jar;C:\Users\Juan\.m2\repository\io\cucumber\cucumber-plugin\5.0.0-RC4\cucumber-plugin-5.0.0-RC4.jar;C:\Users\Juan\.m2\repository\io\cucumber\docstring\5.0.0-RC4\docstring-5.0.0-RC4.jar;C:\Users\Juan\.m2\repository\io\cucumber\cucumber-spring\5.0.0-RC4\cucumber-spring-5.0.0-RC4.jar;C:\Users\Juan\.m2\repository\junit\junit\4.12\junit-4.12.jar;"/>
    <property name="sun.cpu.endian" value="little"/>
    <property name="user.home" value="C:\Users\Juan"/>
    <property name="user.language" value="es"/>
    <property name="java.specification.vendor" value="Oracle Corporation"/>
    <property name="java.version.date" value="2024-01-16"/>
    <property name="java.home" value="C:\Program Files\Java\jdk-17"/>
    <property name="file.separator" value="\"/>
    <property name="basedir" value="C:\Users\Juan\Desktop\Prueba RappiPay\api-test-shazam"/>
    <property name="java.vm.compressedOopsMode" value="Zero based"/>
    <property name="line.separator" value="&#10;"/>
    <property name="java.vm.specification.vendor" value="Oracle Corporation"/>
    <property name="java.specification.name" value="Java Platform API Specification"/>
    <property name="surefire.real.class.path" value="C:\Users\Juan\AppData\Local\Temp\surefire3318510801594252703\surefirebooter-20250130191309017_3.jar"/>
    <property name="user.script" value=""/>
    <property name="sun.management.compiler" value="HotSpot 64-Bit Tiered Compilers"/>
    <property name="java.runtime.version" value="17.0.10+11-LTS-240"/>
    <property name="user.name" value="Juan"/>
    <property name="path.separator" value=";"/>
    <property name="os.version" value="10.0"/>
    <property name="java.runtime.name" value="Java(TM) SE Runtime Environment"/>
    <property name="file.encoding" value="Cp1252"/>
    <property name="java.vm.name" value="Java HotSpot(TM) 64-Bit Server VM"/>
    <property name="maven.ext.class.path" value="C:\Program Files\NetBeans-19\netbeans\java\maven-nblib\netbeans-eventspy.jar"/>
    <property name="localRepository" value="C:\Users\Juan\.m2\repository"/>
    <property name="java.vendor.url.bug" value="https://bugreport.java.com/bugreport/"/>
    <property name="java.io.tmpdir" value="C:\Users\Juan\AppData\Local\Temp\"/>
    <property name="java.version" value="17.0.10"/>
    <property name="user.dir" value="C:\Users\Juan\Desktop\Prueba RappiPay\api-test-shazam"/>
    <property name="os.arch" value="amd64"/>
    <property name="java.vm.specification.name" value="Java Virtual Machine Specification"/>
    <property name="sun.os.patch.level" value=""/>
    <property name="native.encoding" value="Cp1252"/>
    <property name="java.library.path" value="C:\Program Files\Java\jdk-17\bin;C:\WINDOWS\Sun\Java\bin;C:\WINDOWS\system32;C:\WINDOWS;C:\app\Juan\product\21c\dbhomeXE\bin;C:\Program Files\Common Files\Oracle\Java\javapath;C:\WINDOWS\system32;C:\WINDOWS;C:\WINDOWS\System32\Wbem;C:\WINDOWS\System32\WindowsPowerShell\v1.0\;C:\WINDOWS\System32\OpenSSH\;C:\gradle\bin;C:\Program Files\dotnet\;C:\Program Files\Git\cmd;C:\maven\apache-maven-3.9.4\bin;C:\Program Files\Java\jdk-17\bin;C:\Program Files\Apache\maven\apache-maven-3.9.9\bin;C:\Users\Juan\AppData\Local\Microsoft\WindowsApps;C:\Users\Juan Pineda\AppData\Local\Programs\Microsoft VS Code\bin;C:\Program Files\JetBrains\IntelliJ IDEA Community Edition 2021.3\bin;C:\Users\Juan\AppData\Local\JetBrains\Toolbox\scripts;;."/>
    <property name="java.vm.info" value="mixed mode, sharing"/>
    <property name="java.vendor" value="Oracle Corporation"/>
    <property name="java.vm.version" value="17.0.10+11-LTS-240"/>
    <property name="sun.io.unicode.encoding" value="UnicodeLittle"/>
    <property name="java.class.version" value="61.0"/>
  </properties>
  <testcase name="testApp" classname="com.pineda.AppTest" time="0.0"/>
</testsuite>